GABWrw5Et9jubriKwMUDbw
73DZUFYAXuycbJ_eEAox1Q
bpgbVPJcG-wQ4cNBcPPIxw
dIIKEfOgo0KqUfGQvGikPg
YORJi2JtQg5Mo4nmKOXzag
0lDl1Jg1Qz2KhvkfJKk6fw
duymKKwUruH8GwbvcaFd0w
H3wPBzQCKCKiHcV7GZK4kg
Q9mA60HnY87C1TW5kjAZ6Q
zh7sSdnM3CefK8RBRWahZQ
PeLGa5vUR8_mcsn-fn42Jg
RBZ_kMjowV0t6_nv2UKaDQ
O_GWZZfQx7qv-n-CN7hsIA
24AzZDQKHySwMQR7VQVCAg
BjtJ3VkMOxV2Lan037AFuw
2EuPAGalYnP7eSxPgFCNDg
7Oe6ikklTjVBbEFw9emLcA
Yjer78RnYr7OCzirgdcOaw
c4K55UM0pZvreFSSQUjWxQ
G-_KF_Ul4d3WGEa-G0Iq4g
nXMMoDzXRByQiWH9cf-FAQ
PSI7wvuqEhhV9Jh_fP2eZQ
Gjv3ERasrRJqtEPa7ZMUSw
8DGFWco9VeBAxjqsuh1aSw
XMy-OTpVY8O1L-8w1zOKcw
Ieg1z6bc94U_RfS-OGxQ_A
AvC5XQAElcGAAn_Wr5auEg
Ug0ujy9-jd0Oc2nk3KIotA
BA9SDRZGyRcUMxTdUTVhmw
_VMGbmIeK71rQGwOBWt_Kg
eBbIYdWMsnDd3b5n84TfSw
To7EBxWC-Yz011V2-tdTvA
UkLiM2r9UcVXdx81JPGZyg
Wc5L6iuvSNF5WGBlqIO8nw
3nDUQBjKyVor5wV0reJChg
mkbx55W8B8aPLgDqex7qgg
rA97zeqOrUYuEM69n0Xn4w
dt9IHwfuZs9D9LOH7gjNew
2nE0zU6y_F7gkwHi3yL6cQ
HkVnslspLbmATUzBs3ZdKQ
u3ZPMVVEzneq8x856WksJQ
7GVA958q4zs5Z8cdHauU5Q
NAVcjWhzqyaLtPbuBIP5Tg
NwVyki35xOcaxhMzHNtHDQ
IpReaQYuXO_nB07xnkHuNw
R5WcogaoAwjdHxrB2v5NsQ
gtwM4ijo65AN4DvXdgCu_w
j3Xr0XifJTb43Hdmue8b9A
T5KBc5QbwZ-Oj9ApE4vZJA
N0LfSpP4RNS9t3GwIcuNxA
eZfHm0qI8A_HfvXScwIYsg
H5d_nFqzwrREE-YduK2ABg
JUT0U3HTSB3kz9Wh7N0GqA
ZcFB7xOpJufgX9hHPFh9mQ
PcPminF0bIUsKjUh9e4DMQ
7ZZnTnkP8mDWGmTLoAwS4w
MInp33w5vvHeBo68BAPmgw
tCbEkK11lnqeaNVkhlurrQ
R5QmeesF5XYUsvP1XJqDYQ
4w_W3yc23UiNvW5qpX9SSw
F_5_UNX-wrAFCXuAkBZRDw
0V4Ra6jCmSAgFtCiORr4QA
YzjsknYAU95hM3mS0HJljQ
qlC607Cyp0Mj91vDFvkp3Q
xJafm7vGSkUI5ocgYkCWkA
A2N4y0VeZ-3TtmBVCSVVnQ
l-fe24FmqxPW1i0Jaii3ZA
JRpuUqUkCgzrkP7WI80wBw
NvUeb5G_mSSxgKhEE_Hueg
DHs8No90RxNP6EQHHNEZvg
EVlNHC3J1Y46LN4fkTwfvA
f-ysez9SJSosLUON1BihWg
lEcfvjwB93q_MPxqT2iiyA
yNE7_6V-78CZ2cnmjO5mIw
8AwcaBJjiMpQ__FPxktwwQ
1pzP58PeWictHQzctMU0nQ
hjcOqlZLCvOQvwMdLsiOcw
Ad-v2Z4vvuzxZxbpywIm0A
4zGUfXRDgbLktXsYf0sHjQ
Bsbumyr3Of8BauN2URK4bg
HXOfPXPMvdXNpQ_l0RRjKw
igll2PdsMvQHzJhzttrx1A
xkGP6IEypSiyGziN7w1KAw
_ADnCcFfZrKuCUdv2SD-PA
pou3BbKsIozfH50rxmnMew
bN25cOkFDluT1NjMNkWqAQ
EJ7ZhRHsMWj8du77LX34gw
QPJJohtGqkMkaN0Gt3TRIg
nffEoRhzQYVIL3Y6bFhcGA
yPmlM7fxm6H4u3kFdvdHbw
6EWIu6Ea04qcFAL3XSalvQ
Khh_zoydh8gcPT-rQtXFBg
5zzP3HvPaGjtVYiIvRd6Mg
syA7uYoDjohc7gWBWaEZmw
ybIoXWnrkfC12PJKTs7pJA
HVJgTH5qu0goywOHNpOjPA
WWnhqRnWWjutMqh-2SzEuQ
RhpaXVpwiMoVs4gQMehauQ
kYddxyOJD_vELH6Vr_ytyw
qblz4CzxHaubFqf-xBeZIw
l5J_HyR1xn8PkqZO3CVV1A
UQFE3BT1rsIYrcDvu_XVow
x-8ZMKKNycT3782Kqf9loA
Dqb34bnL4dzwZvySx--qqQ
sOzeK0dE0BYx4Mc8dmoenQ
b_Z2vamgc15EzlHeW9t6yA
1vXJWH7L0IMEz5-8aU3SOA
xIx619k3xJq_UwpSrWsyWg
rAAT39HF4khu-OdxBSr0jg
q9jCDNZDRUYl2Pwlgxocig
MeDuKsZcnI3IU2g7OlV-hQ
G7Q8GXHvyRSv7ZsKCEj0mA
E43QxgV87Ij6KxMCHcijKw
kaHmTcEoVS3oQvfJfDe8kg
5OogBR0kD0YR6v6Y0PI4eg
tFeGSYSSSo3UdWIRSi40SA
RgDVC3ZUBqpEe6Y1kPhIpw
eZZrBnRbULqXJKx1s46Cbg
HmILc-lgVKZS7mWNdYCSJw
-PbPi3wYwpLHs6bM7pwFrA
KVehpTNCERwMGAx-h9MR-A
S90cznhfdL29yMSEZ_EnJQ
s2o_JsABvrZVm_T03qrBUw
ACUVZ4SiN0gni7dzVDm9EQ
Ryxj0u0AW3mRsRypdYli2A
j5yfS1QjGwNLQ0h4_wDyxg
zOxFYwqq8Iwhsqm_jm016A
Q_8qAEFkzrzTVAJhLsxmBg
DOj9NanlJP3xntULCy5Uow
LNPyE5X1K5B_flcTCH9StQ
mjOKUSdIqxFPSYMB-MmS9g
uaWVtGQppAc9cLqbS59AsA
CY9iLsE2z_yLhLqJdD1WGw
mzL0zHFGyd9866OUljq49g
wo632pzj23-Di2RakSugjQ
T0HWgeviH7722ZJpWFrB4Q
JADdo9NEeO5Az9aOYbyvZA
9v83UksZrkThOiE584GRBQ
Ggx8iUdJ7lsQSqXRuclXtg
JQIZhoQB-Tg9hdBEj90m4g
HaoPeg2ySVEbQKN3gySxHQ
0nOIH8qIMnmZdLCTemnRsw
OPJ0TW8tt5UanY2_YpCgIQ
pi1z1fB2kutuXcRFEwPIjQ
z4RytucxI_XfcMFaEI2DRg
QkQLnujuiBDP1mNChJYJww
vxR_YV0atFxIxfOnF9uHjQ
uERlyO-ASZag6XXouCrkhg
nOPhkKDM-0-UfIinPS758g
haSh72Q0MsQZUpWPeVgp0Q
_pBzBgtCTN9PNUPfgPDI8A
WcKhdyAJd3YIRemYr6pAFA
G3h8pIclwUbuu3itJqF7ug
W7DI4hNfWCw1ymJh98plhA
gVO3VZwCu54Otc7bUB33Mg
2esyx8s04Vrde3Pn8GMNsQ
Zm2vN4FYVxUFXJ2nsAfShw
HHrDK8PKL3div1uBYym6LQ
wmyoMUiW6YU9Audm0lACDg
i_DR3vdE73nVm2GlMbGpGA
_rhYsgWA03_D88d3xEGFvw
z8wN6EQuw_JF-zTjcNgsLw
SAWkTZbP79ildfrDsiqUrQ
R5Nh8wSPHCnPLXwpybQOiQ
1dQiuUvvK8427TBmqj_4Vg
6rvaULevZEp2OM_b7cxFeg
Gr17h3JDn7wWQo40kJKaGQ
_l-iAhD0N_GVIvFJqq0brA
6xkY3nZJMYeNpyBvKoFloQ
T8LqkYbwMPZmvXSsUfN8sQ
PU5QaMADa6N_9ZoQ04ZjOw
izoKblvdpxcDkoEPAKJ7GQ
2agcfynFfeeb3s0P60lwig
e6iCOIhtupBCiw-VwBvJ4A
v2Bn5eAgkqrpnZkDmwZv_w
ICwMfseYkrB0ZEK8tDUOHw
9uf4g85B_gz2W4d_GZI-Wg
jUZW1alRK8QvdZ-pH1OquQ
Da_ZO8lKwIacljqKUJbAlw
OmJFxyx7bL-2W4W8c-sZ7A
3vTf1xay9Oewde1BzakcQw
JM9jODLEp8_AZeF3TwftXg
13f_vtUZEmlzweL91bmVng
ODsM6-_BvHt6-cqNylJn7g
rqv9mIc9pj9R_b0MIm_fzg
HO35wso-psqx0GF--QSwGA
-8EnCioUmDygAbsYZmTeRQ
z_LTf-KymkhInP_vuKuPlg
5IX9FOesKrLRyz618xc6tw
AHRrG3T1gJpHvtpZ-K0G_g
afPIUwUh0C_lgHvt77cneg
PkeDOqXbgEOkR-aKUHoQ_A
eAJ3Ip0vh-zuk_BmcmchYA
zEBjQm_S26TI1Etpvie9sw
bXwZ86LHDjW2iEAQcPPDtQ
kFtsYOf_EeBUJ9al435GJA
vXrUBAIN4aoCt7F5p0kU_g
lAW03ccfMEuRZiDqvVgc0w
5mog-DEw97elBQb9NQjisg
yHbrIShhhHkkl20_KGP4OA
lMY8NBPyzlPbbu-KBYfD9A
GaTWkVy-pY6phZOqW6ykuw
u-rO_1IR1d4xibcYHA4zTg
SIZOfo7jTjCXnL8ZtpM2aw
9TWgmxmhL_y5zF2s9S2TQA
Jy7BwojX8fRcq14_Lmigcg
LJ8U5ZVnFpF8XNUR7DcUng
OtYyh49RBtHeGQdmZ9p9mA
q93KSB8PtxchdgcY17bH8Q
dMvs7AzNmnXweaZ6SJlNrw
CZQUtmO5NIY-bZWkCqHeJg
djxnI8Ux8ZYQJhiOQkrRhA
Y6XH1iNsuuGAcO5nODI6rg
jt49xjEjQisu6wTTGn6B3A
Zh196G7CVa9mcIz6Dk9U5g
m3FleKsUG-1UNqJsJZid9A
2JUW4ay9IEcJSxMDSm-HBQ
zokfv2tiS3NEaAl9IW-LiA
5AJRqMc0y4yYW-YEz3FEuQ
L5uRYpL9arVGueEetKjmpw
coKnuxLznH0FHb34m4ZLCw
5m8YcaW-DvyMVJBPiHIq2A
KgbTukJRGvtoNmPICKlO1w
skbZO4vHHHA-ejA_BUwKjg
_PogIvICTS-uaZLXLX-OnQ
LDxGB8GDYZ71AY1qHQt_Rg
NoOaVw8YAe4SlgWGLWMY8Q
R4Jif1Q7vseoA2TqfzeQPQ
Dussqojz-FcaO6QkkQ2g6Q
cJCYCEfDL4n5TgU9y8RTWg
V6K9M6mG4br3FkRGIqmwLw
UqkrP5O2ToeXRcYbp7okIA
K-tV497IGYVLrMSmLZzU7A
2y4EC2UKWwzj33OpK17Edw
AozkMkgw6hgLELaksn6V0g
Dg1cJ224IfS2YwuJV5d5wQ
Mh7oEIX2oHYAXm-HAxlfWw
_YQpQpcdwgSwjziZnJR43Q
QhYJx2jQdPuSq3fGe3aGcA
-HXpF9E-YwE0g-mInWSRuA
suuIf6JWTZFjSu55k7zTBA
s5F0viIdrelfeDtcMM65PQ
LdWIjNvjdaAoAfpQhT6F9w
5MCBLBxr10NLUKZ4AboAMg
EGz1NDtgVbndCJ5R3F-stw
QxirJzUqvYJ7l0pMQu4vXw
SFBfsySKt-Rb5aBovef78w
5WBIwR92ZNVmsG7bRaxHKw
4z2AFE6MtXiYNYgoxpQ4vQ
cMoQqT_j_FD1gO6EEZzOIg
nWh05uXTfV-L7s3iZon4Fg
U5vnrSTvaoFLdaFoe5r1Yg
3XzhO2aJdvVtYhKOCJsPrg
8v3aEuuHEJU_8h0OgmsfDA
b-s1nstA7WHZDtvoUb8B0Q
Dp9vtkpgNti0BuG3202PGQ
iDYw0nEWSE0GAXd3K9YBzA
RdWSULQ8vryTjiC7O2r5wA
Lu8y2ayxVlAzuJEVfVcH4w
QRhZChDuwfBbuhqIazv5jA
tzqYxQzNTPYFd6mMZpdczw
CVlGVvlR436OH8Q1pHfz-Q
a85qPvr6L63PF0v9Zs8ZAg
Gfxb_D1k8tueAoGn4cseoA
-Z4DvyW_v8tUwWAtSBAv2w
hmT6ygPjklrNEjvA2FYuVQ
d_-ypwVYiP-DswClkAg8Iw
el3TmKFEFzZOcNbCw2FNlQ
wM9RFY6H9MQQYfSUzdsIkQ
wrhOaPospStRs5q15ot4bA
FysDiqCS1fxxwC9PLHNqNg
asL1d04xS3y8YQtU5ota-g
dArzYnlZh0gBLjA6YkJeoQ
aXuxyyTDs5RGoFrhajPLYg
OnMSdElNtboMIx1fXo82fg
O0LBte-WB_WNrZCBeSCRDg
Q3oJxd9qn0V2P6psenMGUg
my4q3Sy6Ei45V58N2l8VGw
CDZWiihsmtiP-cgBRSSljA
KXSzTO-bi6_Fcysm0mEHpg
rBBQbHErcvNH916VHw0gZA
x0KsUGST3w8fzYyQQ81FAw
w8flMOM04LfF0175Stp3AA
Gr-MqCunME2K_KmsAwjpTA
53dkR4-xyhjsCVHfrwiGaQ
YslR3U1iwphOFYqvwSZ4cQ
tOTplIk838ZR1w1huTdX_Q
vkxKfc-S4X7AvlMSL64ngw
I-FmdvI28N7OIIt4JZOgIg
aFfbVxPah25PrdwDj9l17g
85rGU0L7rS1AoSdtxQIKag
9df8KToLljo-v--Wke2W1w
YWFbTcVnun8i03XnEU7kVg
XTDvxqY6U6jMFvy_lq5o9g
QF1Kuhs8iwLWANNZxebTow
pKSVqOWpyVc3dwGogNhphg
4Y81J2Tdq5XAnkeYmCZ2ow
PTX3ps_kEII6VnHPXz2qAg
RkfQX8dSJNzkAAItX326Og
OzdqM7BbvL27AnrTZ27g-w
ivcxHJYf_mifoml83GA_6g
47BfAFyLpGflmR-pn7gmJA
WzFSlyPO-kARif92D_u_dQ
_gcDdPUVA9wwSynicxcpzw
GmQR50bIII7gDNRYEgfXfA
TwjiWvK0ZP15lzGC049oIQ
KDewJBJknfWvQyHHFNbfdg
JcnZGx0dNLgsmkBcZj8oWQ
0C65lVj_ujVYDs7b2yYBAA
gKWxOEeCze5F95x-0ltbPg
wSByVbwME4MzgkJaFyfvNg
yh8_9Ix1wp9dekvyOZbilQ
JiqUeiXgugNrmvJEOx7NyA
dK4m2dTVJM-XqWSPL91Q5Q
SIpBqzGhRM7T5cDFiuIryg
U-7EVbeRf1wlSZfHW_gujQ
hE9FCBh0BPd2hEhTMNFp3A
Bz1kW9-YSBA0kGWRFS0sjA
UTcvLszlrvXwTWCTn-4I1Q
rDORGCGHV984OBXwqu2FYQ
tHfzfBpny0xXoxaVfAWoOQ
QnRE07Ny1YytWBh2na4gNQ
oOoJ1-FcGHfwmvjmQrJp3w
fwSsSQXLvip6MkayAa_vyQ
uEQ3nCdOBNOeJ0ow4Ds1vA
5Af5mVbYDRQ_24dBFfMgmg
c_1j2RMp_2jnWOEjlP9twQ
a5hyrWp6GuGteNxOW7yGsQ
pa86Mfdc8SEmFJavReMDaA
exVzet9UvEY69NPMyG9AMQ
peuxbSQwXed-81cSqL7Ykw
yuhu7mu_VZeCOvKLRT-G0g
0-9YVzOkL51P7rtlaLBp9g
-ePh4Prox7ZXnEBNGKyUEA
hizGc5W1tBHPghM5YKCAtg
ta9rReGzX5Opq7-J1AkXYA
LLgTAp0F5HkgJjlIFwDSRw
VatcQtdb5tlz4D-N6y8e7A
WUvv4rFy_Z4SAXsBKR2jng
NkVYcoaThHjOfTTgq6OdHQ
sCMoMzlOS5q0dfXJVCY2sQ
9HGR8sU_zm15sI109H-SGQ
2iSBJHVMNsolJ3AH1g_D7A
wXSzeF0XoUm3P9MezcVKtQ
-3i9bhfvrM3F1wsC9XIB8g
cUuMjzK7Tbvx5a6Svatdng
d6y4p5aX_wzmOAB_geB4gA
0510RFduyAjoyXwklkcYJQ
EbbOIQ5oAamS9D_B_7cC7w
Hm0diOkWwpo9zotlJlqMUQ
VHjR5F6mdnLrQcCb0nqCYg
0_F9CqmQr80sH2o0rZCHFw
7gNtYzygF7dB8e7k1mWdjA
fkdHGcAkrSAnBrtgdc6rQw
W3Z5K5Ks4PJHo_RFexaqdA
c3xkFRo38JB7T0xgiPOEbw
wTfb2nfzPIyFcYQArdPtuQ
ObSXluQeEYiOP9l9muFlGQ
9IF2ZMnkrZlvxCHcO0h1EQ
UhC292XUeK7sYR4U9bVWUw
3mNz5nQFTIBQm0oU5mBR0w
iZNs250Zzjga4wSOU1AYcA
PmlApgstFa5Y8BRroTe07Q
IcdxwCBX6rNHwlcFJEVVtQ
NNL1zLTP2J_SOputgoPYeQ
9zEr_yHvIKVQ7m0VDnc7gg
fDny65qdxn3EJH0PZbCxIw
YlnOzp45KWr1-VGN1WIJoA
PqX6OuXz7II9RHWmGEp0QQ
dzS5QyksmF7xA-0j-dCL2g
1Px8_etTU-O0NTBLemwDJA
XK4KkZI1VcFKBLiWLaDOtw
UVVn8JcvIZ5fX5tE6Ne4Tw
VRvD7-JHdWdTQnh1lRCw_A
exAWpxarik6vghkh9h09yA
dfw6f-DKDXtz2Ds1j_CozQ
_-oTR-yaPtsgm5OGFFzr_g
1m4Hmm7IbgGjVupM7CQSMw
UlWDGR0QrBbdFsVY6ugocw
gC9syNZtvy4iYv4zftxzJw
qPx9RNEXlgb-fBchLePj1w
G9Vb6yQ047TC3O_-GG4WZA
xJEpQXgkeeZsBFivohgJKg
aIJ-2R1q5G7oqzBSgK_Vvw
nh6mz0rxuGu3SAyf5ij-sA
NE0Mx9NLNUi9eVUpM5v1Gw
kO30XR2WeF6bla6dK1ZZLw
rHLtn_dAMYYbUpwZD221Lw
--2vR0DIsmQ6WfcSzKWigw
Z8MQ8HXITQj0715Nmia2yQ
M3-G-j5yZ3xaq4-zJkFnqQ
Rpd_62-E8IffzX8ig-26Ew
8kskB3QBzO3eQQ1egeasXQ
O59T-4QC1Ud8euM8mq834A
fHqt_c3oDQ4ZWFzeOo4ezA
hcZqq-a16ZTjaM2p2MljTg
wHvO5kK43yjqkcQ4HdtNAQ
Ve0LUwcrzxL7w0RYgY4Aaw
fgwI3rYHOv1ipfVfCSx7pg
HH7iiWvBqV-20lA7JlSRWQ
aYt6yemtPLX1RbX7UT6KCw
eu19K9KfnvvubzWuv4l6Wg
F4w4aJldBhKpbkFMDyn5wA
Iz8EB6wU7guig5UvEV82YQ
g3KSdl_F4oFQ3Q3s4TcnmA
-owSIDJSlrjRRUFcjttiEQ
AGraTma9eEgsiJFDIy6tbg
fZY97UjlP-iv35beOl_OfQ
r_Glb3juFRGutD_3jjJ2DA
DxgEnAWzPUEuXEMfhU8yjw
ZPoxivgZ9mnZQZiuYmFgjw
E0x8ew2yWRHcVdEMPI7kkg
QZ3grLRAy7do7inT4OcltQ
n1rvxZn1ynX9g7kesNOHIw
Ec-epOsAWvjI6e90IlM8jw
brQ7OjB6f9nXWGk45A9A3g
Wf6bwORRP5jG08S-_VeuKQ
oKrct4Hc8hZNMYXecitLCw
9t42QXISjlnNaoeGvev6FA
nRMNXL7m5hzKfc2gEVoVPw
woZhhAj9QrzMYBJ8M7uJFA
zwLq4aVDSH7HyMbVjKfkRg
5ZsumqlAUtKqBGAhGD2Gdg
B75woOWwO-oDVROhHR_4NQ
0Urkg-oq4PynE5IFYxPQEg
o9zhrbHlaMhW9-dxxfOy5w
gysxDtJ1wr6NBv1Gvm7KxA
oW2bCSJ5bIHyRnoZvkHwDg
TqrlAaJlVikFHLCUfa2JDw
niTdjI2tBGiZJLhNWtyqdw
hvqGcmhpBvgRdGPUFVgWdg
q10s3mM6fI4AP9pbf7PXGw
zU1NJ6v-z785blB05y1ivg
P8V7EfZPBev-6ESWbDYwjA
-FZBTkAZEXoP7CYvRV2ZwQ
VHdY6oG2JPVNjihWhOooAQ
dGND9DDQe5L6Lli2TolF1A
JAFgOs6sMkZEE_nmwHXejw
LP59kBNEHmASJZWynra29g
RT8Y7PxPzC7DuAjAquNjng
3QnoTcrxuafMCoTzW_AH7A
NrSURtBigpxbdfL4nGB-Jg
TV0V5o9M9iVZihUAzm0PIw
yFY8wveTclT1mRQxWAEewA
bURBDO2lgSrxnth2P7v3Gw
RO3vznPVVw5NWcgfP3k17A
tP23n9LMs-IeGqlnvmo27g
B1CvITVmO9aD6NFk0U_Y1A
zGeG-yb2IDKAGeWSZW2Y1Q
QiciohgD8N6vCty4vGL3pQ
ov9G-Mn1XGFp6m8sFEmEng
WEoKFyAYFaaVrRRoXcALoA
ZnBTVsQMCuHdp4qmwrZNeQ
Part5zzvcDDdQDt_Yd7VJg
IzJ36jX6V6ky5BtoN-Agng
Ud6j2HN40qEhycq2PuwcBA
G71gQFn9uafnK7XsjWk-ww
Wvdus3DyQLqhNJXuB8t0aw
BMw60-fK1YwbmRD65VWSKA
FvxgtHlYOS4Q_22omnk0OQ
XqTF2kngx9tIGj60QRmB0w
T0gWkTHWRChVUe_Dn1F8nw
0G-QF457q_0Z_jKqh6xWiA
SB99H6_FKCiTOvqYyYqueg
AjBWVjeMOmvfd-iZCgAtJw
Czl35ZANxfMSNxV3r4J5qA
DGszSnRNWoAOtD8WGf9wpg
a5aAfojhrYjlTdwi3-cFAg
Gsd8iShe0T_hi7sAm6uq5g
VtiE3eXNYtH-tb0aFCF1Pw
6iQF02aNgeOk8s8dougtKA
UDCQSdtE2reLxmCXn-aARg
5rDW0VrYEc9-XyuAU4aMHw
dB9AKxJx-d-vtMjuffYang
Txa_sNMUSHfNzHwaV034fQ
rr5zzVWVu0u-P5P1rHIV-Q
L01sjA8ajv8S18LMxi4JRg
OnagJ2dnPjfRRT4a_CgKCw
aV6m_LEsPoZLXFKI770oEA
0Kz8_kEnQcnztdGrovnWFw
6ObFF8-uKnOAlXuSH4TlyQ
XmjYrNgzdbHQAiz2RF_8gw
sPbKpor4w91rp5Dw2EhIbw
bM5MP6ORE4HCUE8b8TYxLg
jj0t-2qLGl2g_odLBjxKOw
BnBQ0UU9uSiI_0cbCZ4lsw
GsjqMRSylJUO27_hM11JcA
M8Fre7R4ZGbc37Jv5V7TGA
H4HPzkK0pCJ3vQqZccPrag
vc4mkEa6Ug5cQudS0EfytQ
y975lu1oBjpW47TT1QdFHQ
iyR5YwpMnOCmbfvk4KKczA
jXXY61CrSzXQmDeUG7aA6Q
HR1wozuAE_3KAHFP1XvIjw
NNkycg7PU0t9GnASwhqsOw
1pQ_EFE65vkoD8ywfY-LSw
hZRDW7lFIO3ZRMIxLtvtoA
UykLrbp-Wo4fR5nTRqU_HQ
DesSgHb_HtqfGnECVXsspw
dplh43OlE_Rime4bFXLT6A
xCdBM9yKyKyqW9qC2RqAkQ
Tu0xZqGMIbJ_RrV4S5P07w
_29D2rLmT_YENfHI7YxM1A
Ss6Fz9oK7HCOvYllxpdwEw
bMGXNeeymFqyaISCKJjCkA
Nci8Nx0_9G0MSLYvQifacQ
wLh4YepDaBzQ1JMrj5fDzQ
4th-MvaVtul61irYo6wrVQ
7vCCPqR9cJoy_AY0BkdyUg
Z81KhryzHu_HNvnjHg1aGg
4RKq0POQ5jpToRkiiUvJLg
Mt1PCNjd38nPFVIDgdJWzQ
HuWEj615KvxRmjJq8JY7Ng
l0-VQ8nA_oijpKlRB7dkow
MAYg7YwA-bFhZqphq33UDg
nxWrhF_hyX0wwjrEkQX8uQ
GwmOgwMTlOHV1GiqiPZ8Cw
YsnVq-tnmUoCjO5d47jFFw
fMBA_z1hwURKp9uArgSmKA
dusl6MaLSfYbE83_iVO2KQ
K0MCIIwZLkME9EzlVaRNIg
kFtpOzWygqAENd6oKrkefw
ZBLZIOrO3DZJzDFlFO-bJw
chG58EhXagCSvub2-a73RA
Sl5pPtwzI-_BoOYhP0BCxw
WqrwIIhDfNpf_B-K9jx4KA
Tzdu8NMT7Sv87HLkpHl1LA
94rWCcgZU8Jv4OW8-hyLGg
W7ugM1NqQeB1Wj0DYE8TYw
XiLxIJThWsE0x4d0IeSPsg
uP8qLiZr5zH_5ziDL37S5A
mGAgc73bhiO_xXvpLy2Org
ytWFR6cNNhKYVlFdQjkOww
G5LXEaxhQMF_BVjNHkVr7g
wm97KC6G0resSDXTmNIMKw
_Kt01zAkzGDjSphy7W3qOA
Xv_1QL4QanJGADDG1DQgiQ
M-YbGq1rjZtak9-WftwB_g
MSCVDZf_2AygHxLg-bz8kQ
yD1aRxezQ8XjrKogEfuShw
C3Hpsx_eDfeSmxEc1HBzpA
MGPQVLsODMm9ZtYQW-g_OA
FRSoGLPQI16pus03avyaSA
eUjJ0SDe6eBoZB7iKYifnw
_iSS1m_QBY9E1f1xOZovlg
4wqKW7A9-7TfEzGClFT3_g
oJu8Ik51x5bKI87HByzudg
5PMiSCo8nXgf6VB1meCIGQ
i_jyzR3NhOldcHa2K1UqtQ
GawyLibaMGt3PCsv-hI5sA
7wS68ArAYnc7BY2DGxaLLQ
XCNi6raOHuxmI66Cg2Er2Q
Tuq59VSdqnCmotr_910JoQ
P4tSZPeEeDgVWaJH5hwwAA
yty-6HdtkQ5LxYLuY7jqZg
rsCVG7-I1zWQbTTzubLIMQ
C0tn9ThfsBsWZ44N6dCTXQ
QnIrewrXxFnssw_gG1gF-Q
Z3MAR7LBRhV4rc8JXr7hgg
pvmvgoVjlQf28Ywz3NuD_A
Ritx0fV0kg8Y86keCU3Glw
TNYM6vmcp1Nxibt7vsbx3g
BZ9s2qX077wWs7HIOer5xg
R5i-8R4vBov0wfNBGg2MwA
MA9Vk5kWob3xB1wRtO5qUQ
crgWPc35LxjJccLFVQsQig
i-DWCn1Xk5-exHi0mBDO1g
zUKeZNu4tCG56xjwWH54Vw
IDhcaHM7KG4EDmWf9b3c0A
WkBSBfRRloP6QFH7O8I5dg
lnisijp0YlSDOty3ywZsvA
Gx9m-uVNSAua8KdVyiQfGA
sGYrxVCEJGGBArWI1LUgxQ
VEj1OuO6QrQMXFhuMZJ8cQ
H183Fg4ku9mIQsmAa0fsOQ
cu5THnu8k6pJ5GHA9MtLgg
JP75FtAg9zCXug359pXs4A
QBXAIu1Vm-nKXUwBqZ5H7Q
ZFZB-acrqGQol0PXCgd3pg
eodLg-yycbuXUGMGy4P9Ug
Ksk4gixS8T9N_M16AlblHA
q-XIjEYIdhlKHY2QzQlYxQ
DecNq9BYtMwHhgdnPNGbVQ
i9NUpbJwjgFx5eynO_-UBw
Njr-4deTIXPvXfKHaXn_0A
JseBksW8DVL596kJ18GGpA
h2nJxjwZlC8aXNEh_puMpw
1ws8hqqRPJfCRs7Jr9J5xg
jXIJnnyxXxizxNYEo2ze-A
nx7hGb1sjJFtmdNh5RHYQg
HPJY5cQ7Za6Hi07eB3gvZA
_TUSWDc6GIQoiejzRs2h6w
p8RS_rLHaNwA5vF6C98nBw
UhzrTq9-Sggy1SHkSY4Unw
AkTQtc7Dmp2oBpxMyyICGA
9MF-l8xgyWN9dm2-r2mF9w
B9NKJ-8-wZvWaKNVik1L1w
_2-voRAGAm7ry8fqsnddhw
-_yEJzliiEXpzlAh2vf6pA
ut0_rAUnJYkrAKQKHxbH5w
-g3XIcCb2b-BD0QBCcq2Sw
eWLJMa7m_pHRdg1VANIK_Q
fr1Hz2acAb3OaL3l6DyKNg
Wosiv4OHAJSAC9Ept2ferA
mZFz1G60KVHGRJjHlV-Nzg
lzdDKukW2jKOmbCNWU6GqA
afwPK7Gg5b4wFQ8TjYawcw
AK_jwiwOcW4YU-dlh-uciQ
SAVq9t6Hs561yzp5-ZvCVA
tidv1UY9MfGtNOP7zJVH-w
2TwqTjcg_57gow6E7XSdWg
5g-zg_Mq1RfWzas37dqcZw
gQspVZ78KbELItUKOxOblQ
OatWyH-NVOOTGynlb5rXLQ
eODsmWK_ybaveauNEAw2og
3GXXeevx7uEdFMrVYekFyQ
Dxdev0VPVFpNLvrpKzu8SQ
3HwuU-XVqLJMtIvHK-EdDg
J1aurUGR360LS7GRnuW5PA
tSdz6ZkR0psn41cCaaTlYw
irkLTpGy-NJjJDgkqZXC4A
ugGd3ctRaKfc19JHxcrgyQ
NNN9qmqS-obqC1ozF-GNvQ
mWWvFiZiPyDfucGZkaoi1Q
DOvSsRXqRZe-wogYKGzHIA
RhM7uTY_KwlQyq9tzP7GFA
x2kIaq8x6Q2I6uJxmVg4cA
-8lbUNlXVSoXqaRRiHiSNg
k8vsOaBP37r38JLiHow7hg
kA7sIBVKgWXVwWbpXsUHQg
tSKAjcueW5ApPTHObbc72A
vsEKggF72NhkWeFIgGxnaA
fJlCRA7zVRW2zcuKGUhCMA
3uyBZNbDk2vRFBBWZOdIUA
HAQccPUmqqbJ7zB6A-axxw
P6VJKT8NI7pAjR4whLdMcg
3hyP28-DIAGM3vWe6LLOvQ
X_DkwPTzdO_VWzUcbUXREg
UXbCcmkYGl3DH_Py5UOtbQ
mo6XH_uVl_vhSmoXPjXgOA
-9da1xk7zgnnfO1uTVYGkA
fSvOdnryI9FPJ2ylcsE2ig
06g5pqdYhsLIc43_1mMYGQ
V7LRNklGj_YAOIU5HSDzUQ
j3kNH60B2GDAyZTkqK6O2g
rN4RItq4xONM-cjgSfbvDQ
59GSwMflQFllOAWvw0F5mw
TEtzbpgA2BFBrC0y0sCbfw
ya0gjXEHjpvuLIFybCajcQ
1fQ86DioG5-9Zulj7eSvzg
FocjwNt9GbOSln9iFCFwtQ
7RlyCglsIzhBn081inwvcg
C3FsgSSckpHd9DJKmC4p9A
I-02Mz45H7siHsjjgVxPgQ
CBuxQMAqvR_rGiI4k43cHg
3H2VbXZ8upvCFncbi5xTcg
2VdGfa8vkkTG63pKPbpKZQ
emF8KqAfI2VL6Sfaek9gFg
gokkWEFKps8211I68N_kzA
ohYnCSs6eTl7O6o3UySpgg
n80yX5MTlxPigDBYEG7dzA
kTYWaZrSr6JPtTleFVR15w
bDuvA0GR04RrMawj2kkD6g
c5rdNgcc_x9HxgiYjFUo5g
703E1kuAN7we3Eubx7BUEw
rof9DyrMxiWY1NyQHtjeDA
3XjyIbN6h-N2PJKNgqt3AA
XjQko6LxKBMGg15pEzLQnA
_zY7-LJE3YZQ958Wf6Wxgg
R3_WtqS6GisYSQo07hnXmQ
sPqHcRC--tRanPC-g4pNwQ
W2WVinNXzhx0OK4Zy2nS4g
MUzkXfPS9JaMgJ907orz0g
10Xfhcdi9PZiYUoNbHn3jg
NpZz1vxjm2mpQiQL6JJG_A
bAG7y3qbpTv3hzIpx4Wf2g
96us9i9zB7QIxBtyRlhvDQ
_3nzCdwExy2AneQ8itz4Yg
dKKvpFh7QrplB3e0EEh8Rg
DCnqvmdvbu04hTAv7DX-Mw
a8QNaErKMX1GTPfBPaH-bA
7IV3JXTXufasWNSkDEdrcQ
Wjt4UlpEa3_e9dYTdMsdmA
j-X6katTF0OfkdgO6FQFfw
VZNWqQD2V5jukp0sPcD2lw
4RzdojCzvJhHxyXGi7S8Mg
SUTWFZMeyBNubEKSn8QaOA
TU8NsFvjzLqkI87QQqkJPw
YG5EroFMYByZODecz3U_kQ
WokddQRr1SF0V6gQZcIOvA
zKY6NM9CxxWxcY5JJXUB7g
3HSmHE-FQZ7b2kyfa1e64A
SlH3DCXVxltSCo8gt9p2iQ
rGyxhmfO0lvOHswUndr0xQ
ncIHRw4Vx3Wh9mZhLZxB7g
dr_mce0J8Q-BLLOA23KuAQ
folPdHjHOS0g5UxNSgtWVQ
R_g7nh8iT_qVUkjtb10gdA
7s8F9CM1nvhuY5sp9B0pCQ
VEsC22Y5RAdJyWrSfcSoMA
_dJfp_fxV-7r2W0yQ7SMPA
k7V66MrZgcnDfdbNz7S5tg
IL7s7BR8DuoOFwYYM6cZ7w
2qKOL7C7WbG_M3EOWvTFxA
cST8Zaw_m73cMYPYA1m1cA
Rkhm3bht88rhk5pR3kF3FA
qVCGzJCDnjwut1dnHef2Og
xQ6Vc9YHh6JU2JltPZcEiA
IU86PZPgTDCFwJEuAg2j7g
rFR3fyOU1MSyIRcb6oiRmQ
zjtQJ8eYWVedJpWB2sFB2g
_5ZU2jXJbffdKb7p1RvVfQ
L7zPC6FjX72ITZaw_4D_ow
pLlRrcoDrzX7QSlTTcG0ow
vHc-UrI9yfL_pnnc6nJtyQ
930YU51ZvuOQn4dWtZxj5A
yHqeTeudnnA15n_tUXFWxg
VbVjkDYXMzRzRur8_q5GUA
aP1NDRrVlxJOtL7aYJqUzA
ShSe4B4BaLr-jBbxHc76Xw
duFP2mFpWc-qc21T5XKvNg
4F59l8scDgg6BQx0HGRtcQ
TkFfkUhNLczx5LB-uR9qaw
RKz4YwFyc8ij3RbIB7V3Qw
YuM6K_5kttEbo4dOXieN0g
4c476nX33LrEFvtNToF4Ow
C-4a9xguoYZsmxXipo4p1Q
uw4hqYj64A-vHmxltwJ6cA
bPvtFRA3nr333FsyjQowZw
Ymi6SLVPnCkSxUh6dcOq9Q
pVv-5hv6FsyvTRo1uaNGuA
A3eAIFfkvfudRM9QeEaIJw
be8hFRSzakhqt37ojP308g
VsKKGKX3pOiApq5SIZ-J8Q
kc0dF9tfw9o_fwQ9dABltQ
PI51J_fKhEfZKhi-MjWBpg
bJ1XTLVgUrITrkuxqAQDXA
YUx_I99dRSO4z4PE_-z10w
mcG523uA11CIk8OP4ieRGQ
o3Zv4AolGeRr-xX7QhESUg
Nvd8eSDusKdfNinR1Ym8vA
oazuTtSyKV6zrhbsgbdbUQ
Za8VyFxoPAnfYoMCjNrTxA
2jCrH48LDG4c3ja4CLh0qg
ykQCkozWHZkF5AOHWi76TA
PV7tpHc6WnKl6Cj5unpd7A
Oo2t2ReYnQ6k1pGM2E9eug
KzMgL2E49onbwB3g4prnVA
ksonr4xKjpmznXtf_rB2jg
uXbeuyVVBPKjb6LoGIuz_Q
EhpcziuyZ3_mCqKtHgOD_A
SLzEZ5AWyAHmkfzFIy3WfA
9RnpLa4__1wkVj68AnQvLg
wktMii8vZ0P4iHaOCDjZTw
r7zUJCHE7xKDmxhvjg3Nug
skjkxo7Ewz3cbxW4TQNK5g
loXavxKqdcIgrQeX1GSWUw
XQU46gFfVmgSjTOTvc5Jew
HucGp4JkSaKC5pCHLimLvQ
KjhdcYvq72vD59K8thXmrw
lByMP4tkeruOw5HdjtXTpQ
gZKrQxAG2cpsXpwOMLvcow
_qbRmUcmH99M5MrrpCE8zA
DfmtZlDE8JJv-boorp1PAg
7mvkt8CWDLeWZrA1BpEWeg
2BACEPsx5rLBHw3kYVUCuQ
50Q0kYOE7Rh-ofUeXGy7PQ
7Yu2KI-g0mUwcT-4dBe5gg
4UwWb_WBziRCjzZli04x6g
MH3pN4QOsU7lEb1_8FNUNg
9u1ad0h4JY5pWr8sM9dgZA
E9nCKOkvpnWVl2NGPuHGPQ
6xd2nUpkqVZD45TJBcsFJQ
EbJarLW_Lu7GkpQHvTp8qQ
4rscUhRnHPie0Uv3VEcoOQ
xfivslcKdbemmzt1s0VX7w
hj7o_BPgj-HdLAxdKqdx-w
LWwmuZJjI4jeB95fQGbG0Q
afk3iLN62CJ7t9y0LvP1OA
3z7E1Gg001_1YdZZYDnO2A
2ky6A9YKsyLs2saA3gjTIA
aPcB5aPjxCh3N-CJ2YUHVg
09T1oyi6c-9lvyt7gQCD2w
bGP_-xTv77BTsUEwK9tSEw
gU_sKjppz47562zsiccDLw
HqYt78PWiGbjtGlkm22N4w
D5pLDxsdxzTxMSjl8XbY2A
z1QL9pkPgw08FwLiuqLX-w
8hvXl0oJmU61l17LG9aDag
MNeCv2lwx_iujQFUsNKLgg
ooHF-vRzlkyN9UEVMKocAQ
mFMov4wBh5DDcK78R6HOKQ
XwPAH7VOCICJE-gM-dNRxQ
Acu4Dc5IsZsuZcjXzLKZgA
qhw0RjIGgStx7s4mjqkWFQ
KJOEC2AIKycmg1qVvT-_Xw
ADdBQh0FxmaMy78WoSbkuA
T8Hg9GIF0mQa5tvNKmZL7Q
BeDDtvQAdrsNhgvxEoMuzA
4DyMRBKrokax6d8LCI3GAw
K-ko8KGYMBkuhbhno6-TPw
Azkt7v-m9iBLjMZtCMxorg
w_L_pYt3830sy_zWJwjORQ
SRnOg-4Ya4g4dUQ1x0Tdkg
94b0y-FFFIF8hy3SJgXd-g
lX89A57ZsdTGx2BXaVLlYQ
SxSeTYznS0YKSISgs5hj_Q
md4PajIMvEOV5kMZFciIvQ
37cpUoM8hlkSQfReIEBd-Q
r4fviG_y1jY-BDMgTJZa5w
D-Xsdu-s-Koaj1nEdvyv-Q
ZbHkj6HH4udAwi6MMx2SjA
ct3-JML70XmSYL3cZcXK8A
spDS7HPrOUc3wCNRyfSUnA
q6xgj7izoqXoTOWE2QyS1w
Dd6ElS2Cng3Qag_h4IQC-Q
GGWjA8v479feCo6OPTLQOg
h4V9maImHWJfFVN7pktuFw
_IqyilgT5iUlTnjpi9FqQg
W83aZrDrYKwycCHB_eOYYg
gvOuN8PAUJHOfbO03dOgUA
70WzR6h6CrGVx5Oc6jpsfw
aIITecvkWBsg9nb_btHRxw
3unnOhHuozEoDDn4s6c-Mg
xsT4KZTu_KnOVavtuXn4RA
sTyvPtWrEeqNcbmLcHclGw
zy2kP-RdV78yKbF7eTJclQ
-5lOjA-DymtPai1i8toROA
75bidB_oAPnKEf6GZ1djLw
k1MDSedmjtp7n889SHgU0g
5UDpc2CMOgbf3GePS6SGVA
o2UkwgSKx8i-YtUtDD5vNg
jc3jhh2iQ1dPnT7rPI5xvg
FGBTSAcFcUBLztp5GMZVIw
O8RYLkWNmZYr2HgKWsmwiQ
oGydDIKM81Qqx1dm9PQfvg
i2toOBcy1eJ-a5x8N1UXrw
Dv-EKgxMml70qZDTASq8iw
OXWEpw02Yq52_lFJ6c2Lbg
0Dq3T5EId_WRUtic7wZzBg
Bo4ICHP7ahfZmtbYOo04yg
ZBk_rQDvquYrgXtAN4hfQA
taU-uxYwYs3nywMkVm3ELQ
id16zMOKo2Po9jFs2PxDkw
4Tl0MS3HwKjJPfRNWk3wDw
iAsvdOPUpW32OXWMsJWUGw
VI1OV-5CePE1X3Sb85dVTg
OZRhAe-La1bX2xhLGJujVg
X0Kf2g4NMYsRjWQ0QeNm0A
VUzICKsFPed4uZjXry2O7g
YJ9oyi2BwqXwxl3DKoKHdw
d24VuwXubL8rwRtn5RAzWw
JjXuiru1_ONzDkYVrHN0aw
jhvreOViehq5zA4p2dgSVg
PJwyYfwsI0CJto1eYxuKtA
-5P_HpvpjamXTVqYM9gN_g
eHcPz4X0_2UCzBnRSfuUlA
-DmqnhW4Omr3YhmnigaqHg
vyTEy29AjYpxklWUsevPsQ
CRLA264qZO-IxB2gQOnJmg
u79JLmKzua7wxGxs1Q3Qkg
XPOx-mCubVGQ1rRknztFtw
k39ZWWkevk6oBuf1nqyttA
qOHDY0V8jiETDi9CZW7z9Q
0RFENBQbRp_RBuQ5pSoPoQ
OTA-qLc1v4M9hA7rJXiCTQ
7IP8KOkPNncenRib2QVsLA
njJjEOLRTo03Fwp4jg_Jpg
ekM-qWnjm_mdy_5JCtq14Q
sS8FvqVkF7HoT022ptEV3g
Amc7J0F3KeAKzOOQrlpqog
GIf_n2V6TnLj5OydIrJqUg
HDm5BIdudbpRmAiOU0jOSQ
OiGy0-KqlglLpnMIIGy1hw
eSQCuwGKu2AIwDULTd2bcg
U5ihhqG7PI7kyE9Ob2uqog
JI2HPIivGVUFVdTo3uXoYg
uI_GEh8WnhlW8kkbO1dZXA
LIvR3XdUX-7VFwICd7dYRw
Fg7UkdjVcNrzhAcMdj6hrA
OGLkivfkMESvh-2Fkg3bjw
D75AsI6CsGWZATSb8P6Ayg
4jNA2EdwDGG-ZihOXpc9GQ
NOvbwDPu0FaS1SpkXvHdAQ
UVUIi0q38pAvsfuEEppe0Q
_MHevgUUu9uuzwgVhYOt1A
bsMGQruRQGgQZK4KA9Q4Aw
s_FAHFKUl4YqNofYZC1NYg
xF3Wzkv1icIzZu4IiYCwMg
GSBst9nAlZmGOmNyWQS5MQ
iXJE2YB4hK0OwPwzPcPdJw
84t6jpyclA55TMfMV0X0kA
_n40AvOlP7bZi3qcljaMyw
6mG7JJlJZBitRBKIWSlW3w
Fo4OnPLHmWMPWF9-geKzaQ
WKXB06num_qLlTbItz9wiA
y1Y2QEcmcxy-xAorTa_miw
Cc1nCwhvA7UxsRnBE-FLCQ
CU-Y_H6-Y-5UnyUTsjxcNQ
aP5DxP9j5rgdMBcx2JHLsQ
xwBDKSzM5QCAMpr2sHjDKA
zUP-0zs__-PRFcxl8BLuSA
pVf-OLMqNG56cTtrNjiGZA
IzvuBaQYl8vb-krpNJzAiA
ea_Wwhznhj-rxb1ueZgYZA
hoUabMZkF1Ermqnt_ADttQ
cRonkYAwS6c3XehTH7dxtg
lYjEapT8fWfqHVwN2N47QA
rP5VQLTqr9dohpyryRpaxA
kK1OxeX3IixmRP9Ry7kKCw
FvUDn6aXu3iqzs-AGhlLkA
fqp-VSnaCcjpTP6W7dMaVQ
AetbB5SON94n7Yy-dZiZOQ
fdVCBVz4VWLo2bMbPsco9Q
WOWnFwvuu-IFJaA_oHwPqw
3MMTwPtpiMlBDe-p07XK9A
Jpc99DcLrRRrFeT7rVK0cA
J5J0v-WShT2NwhTRIM5SnQ
1rxzeT10ZfqjfoRlmieSCg
HduHfYjJUFjQUrrQ1Ets-A
jBdZdUys54BtL5R-_xNM_A
4p3RwTwjOtxH7DeNsLzupQ
Zx2mGCP_8Jkj0KYDbr5G0w
Agbv8YDkOE7V_ZfJseLVOA
8dhzj7Ulwf5iI835LjHLvw
daFjkFEg4e4pyK-Ze8_ctA
m9lvZzJBlfFMQz97CyWfuw
3OiyeQvH2iZ28-wmK4TiZw
jqIsXz-GX9wFKmJih2oNbQ
84FcN7Bq9BnL3wPtnyye6w
c6HT44PKCaXqzN_BdgKPCw
OitrGq9nJqd0PeqSf3AcLw
3_0ptS97yZndEHgmqN0M1w
94ot0CyYf-DhFy0NTOAFLQ
qixG19j7v0WXcpJRIsSZIQ
UNbRVJql-hopPSuvYmsDmQ
nY8DPr8pCtrLNCdqUPsp2w
TX4RFDBXKEEEMMQXoihInA
ydrvbCpOpxOU2Yyo-vDByA
g1cwG-9BWx5HvlrKPIbs9w
KHh28X_iuAkSUyUzXWa9cQ
F7vgCzNV-cSGvTn4szQDuQ
L4iT9ZCNxS2YxTzc2G5ucg
lt7bNHl-TXziny4FETu8nA
hLNayQpPYyH6ivYkuLofhA
Sl1wzceR8_lw8rxIV6Ddxw
B_FU78XGYUL3zkPSUGC7aQ
u5fnrkB6fiQkHUo27rJMrw
kJ9Wd9nq5BV0bSA9V98mVA
WJHGAIcKnKxI8XCR5-9i_w
RL2fV7JSCkRJyFUUz1qqsw
L4Rz8XxAtXDBI8nVAbZzzA
r7_TrVKWdeUiytF2-Bx7Kw
dAr6e-x6izK_Pi5OFAqiIg
Ez5XvlmwbZaUaKf8lp6fUw
aJRnjwJ3D4Knl9pRwOfKDg
i8L_pnkXcJQ8VyApK_3_mw
rxi66uVFxghqaO6qu3DWDA
M_7cjIKGD3HfQ1G6SyjhkA
EPN5VVCDfBWxDcP8TXbM_Q
K64T_QAzJtGPnYe-obHHyA
giTp6selkwIyZAdrvjPiAg
-mlppUMuA9ODwLMPW58jbQ
wkAl7GleLMb-UQbNK3GNQQ
lzmuDdCxM2_ERbxzZNikXg
AvGJVv7Z3a0q1MJT1Ykd0w
_StO7L8B0BSUTc4YB2jwew
0wYuREI8lQncPuDw5ztWIA
8NB_8ts5tdrPl3SRUNOhng
RDwgEc8o15O2wqu-YQu29Q
GmQPLhAj7NMbhUf766-uiQ
MS5HlyLidPRziEGG75QKpg
SxY4qXVBMgaTQwEUzkSdFQ
NoJyv0pHrcY8kWzgYhjO7Q
FlXBpK_YZxLo27jcMdII1w
njgBnm5Czhsgj9xOi-C0Sg
S765x0O9aI2e1ISaB-NYfQ
glLl_89bcfvbER7AcwsfRg
YcmtCs2XKvWU0dv1L4tenw
QhpD_YU3_RDMKjkH5DXMYg
zsneZqcM5YSxzQh9xEiTGg
6neXMCt9GMr0-FAWxfltzQ
hzmTQMkTGTUQ-aRdKAcUzA
2YuYRqSTsqHHZaiWXpo3Aw
Ige3GC0ADiKjbps8FWbsDA
awmRirDC7WWig6R07XZ_oA
ThllkdTMj98q8ZMkqwf04g
biey89DPbXAQCVdc4iR3pA
x7BkijI2WO-Oi43QKUBSjA
PyyJdP60TYF3EmcdwvpH4g
MzXPOK2_T5O8GF-4qUVmGA
ALmW3FMTWmo1WMt8ytnTSA
50V3UxV1yeHnnXKQWKD0pA
S5WQcThM04eH7Eu0YJ1a1Q
2TN-jjYg98_cPNft8OJHCw
FasNCo26SxBqncV3nX2-mQ
Uurxz2utWrvCSkK3XEuDpw
evRwCG9m-lwfL5TeCwrAhg
Rp8hHh-2U8Nh-7FhhspVxQ
K9ejqgRQsGQOuM43hKtN8Q
vlITGEDCNwuFj47QZGgY2w
8iItb1oQeOeVkpJIa1oI0w
d6_IElMgJz4CKsn9Nw3DTA
SXfvHWScLghzoTSBqb_e6w
l86Nr7FNn6BNvxnKnMDPVw
5T_2RWFzvf-nMZYD0RsvWg
94H_GpNYcCeDvBP3XCmusA
-_3Hsv4OGT3PAGt3lKpA7A
RqkZW5nVd5ESE-szZajz8w
OBeon38Z0GnwmYKs4AgTYw
qr45KuJh0yWsawbb467acA
9tYha5_vrZne-hHC9Mj3cQ
5O3VvfDu_HDvgUviAqmTEA
hxl75_mb4CUxYUCm9CjLcw
c-c64rURhBR8V8scSbwo7Q
2G9534Zx7ph7y9k_QhbMOw
xTtHB9OiLe6gEj0Vnwx9Iw
4-xndHdyqyBZ1Cj7-qpsag
rNR390l5MgPHKsdeiS1F9w
dGqS-N3AXyawCldcEbudkA
rjxgtBNG-e5FAyD8e57_Rw
fbpjEkaALuGJo_dCYWPYRQ
G11NhJgHEM1TKMwpgl5A9w
cnN6RMKuQiUte7ekcYnK5g
O6HjMGAiWX2zIr2McjfQ4A
6bfcLLL35DpsxAxxk5ZNAQ
lYmPbq4gZm7O_a30R5hFPg
O91sRO4-zLBpXZT5VrklOg
sBzjpwBhWVOEGPakUffvQg
mJAZzuA1CbkYelPIzkuAfQ
TYwQtORbORzcX22xdYBx1g
xc1opNkFCnAjsPXs7jqtfg
EEWaEdr10jCtAwyK0U8_dw
dbv6-7hsnARpARPZzyI3BQ
mbSAI_HwP_6zoXKKhHPdwA
mN8m1fjX2JK8wqVv-kxxkA
BDA15ZiKs-pv39toec9_QA
qh2W28cTECBTT43aE_WPRA
nHYI9cg25FZ744p2eYolAQ
dEE2JiPFxWfn-6cmR64tFw
s9j5w5R0Rx7FlVIzl3fiRA
ZNwmZJg4nSXaFfoH25zl2Q
NMDayrA20FC7OZXPUbNZZQ
SVL1Oir45owS_oKg-ylqfw
fU0FHoGIdFRwb8oZXaVeSw
6BOt_r4AfCa0HHcxD112UQ
5rmEJbcwwo5GhTi0AWpqWA
WKIW7tWyMq7_XN0V2ouo0A
8Q0xnxT-KrvCl2pQF1qsFQ
vgQ0injDOypxAfNzkmZhlg
KF3mNaOE1Kq1meJsyaNGEw
RcTBxuUvNCsPcyTtiuxiJA
Mm4xfYGnGcDLWIt32C59ag
iOLGIwzCBNHyYyA0AQhFnQ
0mPoOl_Rx46jaHOG9pybzQ
pQD0yqJFcOkFDCMkPbXARA
4dTE6xw3ZAbX2xNT4IKeQQ
yR8-A4646jdmtkFqxETANQ
w2l2UY6NsxNGfr3rSdz7vQ
DUmeIOKouigV8EvInQkBuw
kPzUwPiPtJAkfEMi8igJzg
tbI8YO0O51Mrm_yIiD9Ptw
KFKrsDRkeo7KqQCm3IN5-g
0nwGxhxTX_1l0zchn5PBJw
_jLXrx6aCT9A0ZSHCj7nxg
fH_8Q2MNI4a6g20KdcquGA
AuQhzw263x31ysaOvtHWKA
jp7gXFCjpDRn6M6PHyuADA
JZoWzJoK0m5rue0W_lOaoA
OevijENk6we6hkv9BdbbEA
447bDfxUCsBQfUFFbzJ2nQ
g2YnG8VUb9opaWF6fx6viQ
